This is pdfTeX, Version 3.14159265-2.6-1.40.19 (TeX Live 2019/dev/Debian) (preloaded format=pdflatex 2020.1.21)  20 SEP 2022 10:09
entering extended mode
 restricted \write18 enabled.
 %&-line parsing enabled.
**src/ms.tex
(./src/ms.tex
LaTeX2e <2018-04-01> patch level 5
(./src/aastex631.cls

LaTeX Warning: You have requested document class `src/aastex631',
               but the document class provides `aastex631'.

Document Class: aastex631 2020/12/20 Version 6.3.1d/AAS markup document class
Class aastex Info: 
 
 Original \LaTeX2.09 style by Chris Biemesderfer (chris@seagoat.com). 
 Adapted to \LaTeXe by A. Ogawa (ogawa@teleport.com)
 emulateapj.cls included, Copyright 2000-2015 Alexey Vikhlinin 
 Rewrite and update of emulateapj.cls, revised and enhanced with table macros, 
gridlines, draft watermark,
 track changes, new `modern' style and much more, by Amy Hendrickson,
 (amyh@texnology.com, http://www.texnology.com) 
 
  on input line 106.
\bibbaselineskip=\skip41
(/usr/share/texlive/texmf-dist/tex/latex/revtex/revtex4-1.cls
Document Class: revtex4-1 2010/07/25/20:33:00 4.1r (http://publish.aps.org/revt
ex4/ for documentation)
 Copyright (c) 2009 The American Physical Society.
 mailto:revtex@aps.org
 Licensed under the LPPL:
http://www.ctan.org/tex-archive/macros/latex/base/lppl.txt
 Arthur Ogawa <arthur_ogawa at sbcglobal dot net>
 Based on work by David Carlisle <david at dcarlisle.demon.co.uk>.
ltxutil[2010/07/25/20:33:00 4.1r utilities package (portions licensed from W. E
. Baxter web at superscript.com)]
LaTeX Info: Redefining \@centercr on input line 308.
Class revtex4-1 Info: Repairing broken LaTeX eqnarray on input line 358.
\eqncolsep=\skip42
Class revtex4-1 Info: Repairing hyperref-unfriendly LaTeX definition of \mpfoot
note on input line 433.
Class revtex4-1 Info: Repairing broken LateX \@sect on input line 755.
\intertabularlinepenalty=\count80
\@tbpen=\count81
\@arstrutbox@hline=\box26
Class revtex4-1 Info: Repairing broken LaTeX \@xbitor on input line 1786.
Class revtex4-1 Info: Making \typeout \long on input line 2046.
ltxfront[2010/07/25/20:33:00 4.1r frontmatter package (AO,DPC)]
\c@affil=\count82
\c@collab=\count83
\absbox=\box27
ltxgrid[2010/07/25/20:33:00 4.1r page grid package (portions licensed from W. E
. Baxter web at superscript.com)]
\c@linecount=\count84
\output@latex=\toks14
\box@size@1=\box28
\box@size@2=\box29
\@protection@box=\box30
\@topmark@saved=\toks15
\footins@saved=\box31
\footins@recovered=\box32
\column@recovered=\box33
\pagesofar=\box34
\footsofar=\box35
\pagegrid@col=\count85
Class revtex4-1 Info: Overriding \@vspace, \@vspacer, \@no@pgbk, \@newline, and
 \\  on input line 5578.
\c@part=\count86
\c@section=\count87
\c@subsection=\count88
\c@subsubsection=\count89
\c@paragraph=\count90
\c@subparagraph=\count91
\abovecaptionskip=\skip43
\belowcaptionskip=\skip44
\c@figure=\count92
\fbox@1=\box36
\c@table=\count93
\fbox@2=\box37
\c@video=\count94
\fbox@4=\box38
\@bibdataout=\write3
\widetext@top=\box39
\widetext@bot=\box40
Class revtex4-1 Info: Selecting society aps on input line 7542.
(/usr/share/texlive/texmf-dist/tex/latex/revtex/aps4-1.rtx
File: aps4-1 2010/07/25/20:33:00 4.1r (http://publish.aps.org/revtex4/ for docu
mentation)
Class revtex4-1 Info: RevTeX society APS selected on input line 31.
)
Class revtex4-1 Info: Selecting journal pra on input line 7544.
Class revtex4-1 Info: APS journal PRA selected on input line 7545.

(/usr/share/texlive/texmf-dist/tex/latex/revtex/aps10pt4-1.rtx
File: aps10pt4-1 2010/07/25/20:33:00 4.1r (http://publish.aps.org/revtex4/ for 
documentation)
Class revtex4-1 Info: RevTeX pointsize 10pt selected on input line 30.
)
(/usr/share/texlive/texmf-dist/tex/latex/textcase/textcase.sty
Package: textcase 2004/10/07 v0.07 Text only upper/lower case changing (DPC)
)
(/usr/share/texlive/texmf-dist/tex/latex/url/url.sty
\Urlmuskip=\muskip10
Package: url 2013/09/16  ver 3.4  Verb mode for urls, etc.
)
(/usr/share/texlive/texmf-dist/tex/latex/natbib/natbib.sty
Package: natbib 2010/09/13 8.31b (PWD, AO)
\bibhang=\skip45
\bibsep=\skip46
LaTeX Info: Redefining \cite on input line 694.
\c@NAT@ctr=\count95
)
Class revtex4-1 Info: Repairing natbib's \BibitemShut on input line 7549.

(/usr/share/texlive/texmf-dist/tex/latex/revtex/revsymb4-1.sty
Package: revsymb4-1 2010/07/25/20:33:00 4.1r (http://publish.aps.org/revtex4/ f
or documentation)
LaTeX Info: Redefining \REV@mathfrak on input line 119.
))
(/usr/share/texlive/texmf-dist/tex/latex/base/latexsym.sty
Package: latexsym 1998/08/17 v2.2e Standard LaTeX package (lasy symbols)
\symlasy=\mathgroup4
LaTeX Font Info:    Overwriting symbol font `lasy' in version `bold'
(Font)                  U/lasy/m/n --> U/lasy/b/n on input line 52.
)
(/usr/share/texlive/texmf-dist/tex/latex/graphics/graphicx.sty
Package: graphicx 2017/06/01 v1.1a Enhanced LaTeX Graphics (DPC,SPQR)

(/usr/share/texlive/texmf-dist/tex/latex/graphics/keyval.sty
Package: keyval 2014/10/28 v1.15 key=value parser (DPC)
\KV@toks@=\toks16
)
(/usr/share/texlive/texmf-dist/tex/latex/graphics/graphics.sty
Package: graphics 2017/06/25 v1.2c Standard LaTeX Graphics (DPC,SPQR)

(/usr/share/texlive/texmf-dist/tex/latex/graphics/trig.sty
Package: trig 2016/01/03 v1.10 sin cos tan (DPC)
)
(/usr/share/texlive/texmf-dist/tex/latex/graphics-cfg/graphics.cfg
File: graphics.cfg 2016/06/04 v1.11 sample graphics configuration
)
Package graphics Info: Driver file: pdftex.def on input line 99.

(/usr/share/texlive/texmf-dist/tex/latex/graphics-def/pdftex.def
File: pdftex.def 2018/01/08 v1.0l Graphics/color driver for pdftex
))
\Gin@req@height=\dimen102
\Gin@req@width=\dimen103
)
(/usr/share/texlive/texmf-dist/tex/latex/amsfonts/amssymb.sty
Package: amssymb 2013/01/14 v3.01 AMS font symbols

(/usr/share/texlive/texmf-dist/tex/latex/amsfonts/amsfonts.sty
Package: amsfonts 2013/01/14 v3.01 Basic AMSFonts support
\@emptytoks=\toks17
\symAMSa=\mathgroup5
\symAMSb=\mathgroup6
LaTeX Font Info:    Overwriting math alphabet `\mathfrak' in version `bold'
(Font)                  U/euf/m/n --> U/euf/b/n on input line 106.
LaTeX Info: Redefining \frak on input line 111.
LaTeX Info: Redefining \Bbb on input line 113.
))
(/usr/share/texlive/texmf-dist/tex/generic/epsf/epsf.sty
This is `epsf.tex' v2.7.4 <14 February 2011>
\epsffilein=\read1
\epsfframemargin=\dimen104
\epsfframethickness=\dimen105
\epsfrsize=\dimen106
\epsftmp=\dimen107
\epsftsize=\dimen108
\epsfxsize=\dimen109
\epsfysize=\dimen110
\pspoints=\dimen111
)
\rptnum=\count96
\rptloopnum=\count97
\fncount=\count98
\endfncount=\count99
\c@front@matter@foot@note=\count100
\keys@width=\skip47
\c@lastfootnote=\count101
\tempsectnum=\count102
\ackbox=\box41
\c@remember@figure@num=\count103
\c@remember@table@num=\count104
\bibskip=\skip48
\bibindent=\dimen112
\plot@width=\skip49
\c@table@save=\count105
\@abovenoteskip=\dimen113
\table@note@skip=\skip50
\deluxe@table@width=\skip51
\@d@t@a=\skip52
\c@deluxe@table@num=\count106
\LTcapwidth=\dimen114
\abovedeluxetableskip=\skip53
\belowdeluxetableskip=\skip54
\lastrowheight=\dimen115
\DT@p@ftn=\toks18
\pt@column=\count107
\pt@ncol=\count108
 (/usr/share/texlive/texmf-dist/tex/latex/tools/longtable.sty
Package: longtable 2014/10/28 v4.11 Multi-page Table package (DPC)
\LTleft=\skip55
\LTright=\skip56
\LTpre=\skip57
\LTpost=\skip58
\LTchunksize=\count109
\LTcapwidth=\dimen116
\LT@head=\box42
\LT@firsthead=\box43
\LT@foot=\box44
\LT@lastfoot=\box45
\LT@cols=\count110
\LT@rows=\count111
\c@LT@tables=\count112
\c@LT@chunks=\count113
\LT@p@ftn=\toks19
)
(/usr/share/texlive/texmf-dist/tex/latex/xcolor/xcolor.sty
Package: xcolor 2016/05/11 v2.12 LaTeX color extensions (UK)

(/usr/share/texlive/texmf-dist/tex/latex/graphics-cfg/color.cfg
File: color.cfg 2016/01/02 v1.6 sample color configuration
)
Package xcolor Info: Driver file: pdftex.def on input line 225.
Package xcolor Info: Model `cmy' substituted by `cmy0' on input line 1348.
Package xcolor Info: Model `hsb' substituted by `rgb' on input line 1352.
Package xcolor Info: Model `RGB' extended on input line 1364.
Package xcolor Info: Model `HTML' substituted by `rgb' on input line 1366.
Package xcolor Info: Model `Hsb' substituted by `hsb' on input line 1367.
Package xcolor Info: Model `tHsb' substituted by `hsb' on input line 1368.
Package xcolor Info: Model `HSB' substituted by `hsb' on input line 1369.
Package xcolor Info: Model `Gray' substituted by `gray' on input line 1370.
Package xcolor Info: Model `wave' substituted by `hsb' on input line 1371.
)
(/usr/share/texlive/texmf-dist/tex/latex/hyperref/hyperref.sty
Package: hyperref 2018/02/06 v6.86b Hypertext links for LaTeX

(/usr/share/texlive/texmf-dist/tex/generic/oberdiek/hobsub-hyperref.sty
Package: hobsub-hyperref 2016/05/16 v1.14 Bundle oberdiek, subset hyperref (HO)


(/usr/share/texlive/texmf-dist/tex/generic/oberdiek/hobsub-generic.sty
Package: hobsub-generic 2016/05/16 v1.14 Bundle oberdiek, subset generic (HO)
Package: hobsub 2016/05/16 v1.14 Construct package bundles (HO)
Package: infwarerr 2016/05/16 v1.4 Providing info/warning/error messages (HO)
Package: ltxcmds 2016/05/16 v1.23 LaTeX kernel commands for general use (HO)
Package: ifluatex 2016/05/16 v1.4 Provides the ifluatex switch (HO)
Package ifluatex Info: LuaTeX not detected.
Package: ifvtex 2016/05/16 v1.6 Detect VTeX and its facilities (HO)
Package ifvtex Info: VTeX not detected.
Package: intcalc 2016/05/16 v1.2 Expandable calculations with integers (HO)
Package: ifpdf 2017/03/15 v3.2 Provides the ifpdf switch
Package: etexcmds 2016/05/16 v1.6 Avoid name clashes with e-TeX commands (HO)
Package: kvsetkeys 2016/05/16 v1.17 Key value parser (HO)
Package: kvdefinekeys 2016/05/16 v1.4 Define keys (HO)
Package: pdftexcmds 2018/01/30 v0.27 Utility functions of pdfTeX for LuaTeX (HO
)
Package pdftexcmds Info: LuaTeX not detected.
Package pdftexcmds Info: \pdf@primitive is available.
Package pdftexcmds Info: \pdf@ifprimitive is available.
Package pdftexcmds Info: \pdfdraftmode found.
Package: pdfescape 2016/05/16 v1.14 Implements pdfTeX's escape features (HO)
Package: bigintcalc 2016/05/16 v1.4 Expandable calculations on big integers (HO
)
Package: bitset 2016/05/16 v1.2 Handle bit-vector datatype (HO)
Package: uniquecounter 2016/05/16 v1.3 Provide unlimited unique counter (HO)
)
Package hobsub Info: Skipping package `hobsub' (already loaded).
Package: letltxmacro 2016/05/16 v1.5 Let assignment for LaTeX macros (HO)
Package: hopatch 2016/05/16 v1.3 Wrapper for package hooks (HO)
Package: xcolor-patch 2016/05/16 xcolor patch
Package: atveryend 2016/05/16 v1.9 Hooks at the very end of document (HO)
Package: atbegshi 2016/06/09 v1.18 At begin shipout hook (HO)
Package: refcount 2016/05/16 v3.5 Data extraction from label references (HO)
Package: hycolor 2016/05/16 v1.8 Color options for hyperref/bookmark (HO)
)
(/usr/share/texlive/texmf-dist/tex/generic/ifxetex/ifxetex.sty
Package: ifxetex 2010/09/12 v0.6 Provides ifxetex conditional
)
(/usr/share/texlive/texmf-dist/tex/latex/oberdiek/auxhook.sty
Package: auxhook 2016/05/16 v1.4 Hooks for auxiliary files (HO)
)
(/usr/share/texlive/texmf-dist/tex/latex/oberdiek/kvoptions.sty
Package: kvoptions 2016/05/16 v3.12 Key value format for package options (HO)
)
\@linkdim=\dimen117
\Hy@linkcounter=\count114
\Hy@pagecounter=\count115

(/usr/share/texlive/texmf-dist/tex/latex/hyperref/pd1enc.def
File: pd1enc.def 2018/02/06 v6.86b Hyperref: PDFDocEncoding definition (HO)
Now handling font encoding PD1 ...
... no UTF-8 mapping file for font encoding PD1
)
\Hy@SavedSpaceFactor=\count116

(/usr/share/texlive/texmf-dist/tex/latex/latexconfig/hyperref.cfg
File: hyperref.cfg 2002/06/06 v1.2 hyperref configuration of TeXLive
)
Package hyperref Info: Option `bookmarks' set `true' on input line 4383.
Package hyperref Info: Option `pdfnewwindow' set `true' on input line 4383.
Package hyperref Info: Option `colorlinks' set `true' on input line 4383.
Package hyperref Info: Option `final' set `true' on input line 4383.
Package hyperref Info: Hyper figures OFF on input line 4509.
Package hyperref Info: Link nesting OFF on input line 4514.
Package hyperref Info: Hyper index ON on input line 4517.
Package hyperref Info: Plain pages OFF on input line 4524.
Package hyperref Info: Backreferencing OFF on input line 4529.
Package hyperref Info: Implicit mode ON; LaTeX internals redefined.
Package hyperref Info: Bookmarks ON on input line 4762.
LaTeX Info: Redefining \href on input line 5026.
\c@Hy@tempcnt=\count117
LaTeX Info: Redefining \url on input line 5115.
\XeTeXLinkMargin=\dimen118
\Fld@menulength=\count118
\Field@Width=\dimen119
\Fld@charsize=\dimen120
Package hyperref Info: Hyper figures OFF on input line 6369.
Package hyperref Info: Link nesting OFF on input line 6374.
Package hyperref Info: Hyper index ON on input line 6377.
Package hyperref Info: backreferencing OFF on input line 6384.
Package hyperref Info: Link coloring ON on input line 6387.
Package hyperref Info: Link coloring with OCG OFF on input line 6394.
Package hyperref Info: PDF/A mode OFF on input line 6399.
LaTeX Info: Redefining \ref on input line 6439.
LaTeX Info: Redefining \pageref on input line 6443.
\Hy@abspage=\count119
\c@Item=\count120
\c@Hfootnote=\count121
)
Package hyperref Info: Driver (autodetected): hpdftex.

(/usr/share/texlive/texmf-dist/tex/latex/hyperref/hpdftex.def
File: hpdftex.def 2018/02/06 v6.86b Hyperref driver for pdfTeX
\Fld@listcount=\count122
\c@bookmark@seq@number=\count123

(/usr/share/texlive/texmf-dist/tex/latex/oberdiek/rerunfilecheck.sty
Package: rerunfilecheck 2016/05/16 v1.8 Rerun checks for auxiliary files (HO)
Package uniquecounter Info: New unique counter `rerunfilecheck' on input line 2
82.
)
\Hy@SectionHShift=\skip59
)
(/usr/share/texlive/texmf-dist/tex/latex/tools/array.sty
Package: array 2018/04/30 v2.4h Tabular extension package (FMi)
\col@sep=\dimen121
\ar@mcellbox=\box46
\extrarowheight=\dimen122
\NC@list=\toks20
\extratabsurround=\skip60
\backup@length=\skip61
\ar@cellbox=\box47
)
\colcount=\count124
\firstcolcount=\count125
\secondcolcount=\count126
\thirdcolcount=\count127
\columncount=\count128
\howmanyDs=\count129
\firsthowmanyDs=\count130
\secondhowmanyDs=\count131
\PartsOfTable=\count132
\columnoneandtwo=\count133
\colnumsused=\count134
\loopnum=\count135
\totalcolumncount=\count136
\totalcolumns=\count137
\firsttablebox=\box48
\secondtablebox=\box49
\thirdtablebox=\box50
\longtablebox=\box51
\splitbox=\box52
\movetabledown=\dimen123
\maxtablewidth=\dimen124
\savetabskip=\dimen125
\tempcounter=\count138
\colheadcount=\count139
\rotatetablebox=\box53
\colorcount=\count140
\editnum=\count141
\refchangenumber=\count142
\listchangenum=\count143

(/usr/share/texlive/texmf-dist/tex/generic/ulem/ulem.sty
\UL@box=\box54
\UL@hyphenbox=\box55
\UL@skip=\skip62
\UL@hook=\toks21
\UL@height=\dimen126
\UL@pe=\count144
\UL@pixel=\dimen127
\ULC@box=\box56
Package: ulem 2012/05/18
\ULdepth=\dimen128
)
\entriesinthiscollab=\count145
\allentries=\count146
\AuthorCollaborationLimit=\count147
\largestAffilNum=\count148
\totalentries=\count149
\docollabnum=\count150
\tempauthornumber=\count151
\countauthors=\count152
\testnum=\count153
\tempauthorminusone=\count154
\affilnum=\count155
\c@affilcount=\count156
\numauthors=\count157
\collabnum=\count158
\collabnamebox=\box57
\widetext@top=\box58
\widetext@bot=\box59
\currwidth=\dimen129
\interactbox=\box60
\movetableright=\dimen130

(/usr/share/texlive/texmf-dist/tex/latex/lineno/lineno.sty
Package: lineno 2005/11/02 line numbers on paragraphs v4.41
\linenopenalty=\count159
\output=\toks22
\linenoprevgraf=\count160
\linenumbersep=\dimen131
\linenumberwidth=\dimen132
\c@linenumber=\count161
\c@pagewiselinenumber=\count162
\c@LN@truepage=\count163
\c@internallinenumber=\count164
\c@internallinenumbers=\count165
\quotelinenumbersep=\dimen133
\bframerule=\dimen134
\bframesep=\dimen135
\bframebox=\box61
LaTeX Info: Redefining \\ on input line 3056.
))
(/usr/share/texlive/texmf-dist/tex/latex/amsmath/amsmath.sty
Package: amsmath 2017/09/02 v2.17a AMS math features
\@mathmargin=\skip63

For additional information on amsmath, use the `?' option.
(/usr/share/texlive/texmf-dist/tex/latex/amsmath/amstext.sty
Package: amstext 2000/06/29 v2.01 AMS text

(/usr/share/texlive/texmf-dist/tex/latex/amsmath/amsgen.sty
File: amsgen.sty 1999/11/30 v2.0 generic functions
\@emptytoks=\toks23
\ex@=\dimen136
)
LaTeX Info: Redefining \text on input line 28.
)
(/usr/share/texlive/texmf-dist/tex/latex/amsmath/amsbsy.sty
Package: amsbsy 1999/11/29 v1.2d Bold Symbols
\pmbraise@=\dimen137
)
(/usr/share/texlive/texmf-dist/tex/latex/amsmath/amsopn.sty
Package: amsopn 2016/03/08 v2.02 operator names
)
\inf@bad=\count166
LaTeX Info: Redefining \frac on input line 213.
\uproot@=\count167
\leftroot@=\count168
LaTeX Info: Redefining \overline on input line 375.
\classnum@=\count169
\DOTSCASE@=\count170
LaTeX Info: Redefining \ldots on input line 472.
LaTeX Info: Redefining \dots on input line 475.
LaTeX Info: Redefining \cdots on input line 596.
\Mathstrutbox@=\box62
\strutbox@=\box63
\big@size=\dimen138
LaTeX Font Info:    Redeclaring font encoding OML on input line 712.
LaTeX Font Info:    Redeclaring font encoding OMS on input line 713.
\macc@depth=\count171
\c@MaxMatrixCols=\count172
\dotsspace@=\muskip11
\c@parentequation=\count173
\dspbrk@lvl=\count174
\tag@help=\toks24
\row@=\count175
\column@=\count176
\maxfields@=\count177
\andhelp@=\toks25
\eqnshift@=\dimen139
\alignsep@=\dimen140
\tagshift@=\dimen141
\tagwidth@=\dimen142
\totwidth@=\dimen143
\lineht@=\dimen144
\@envbody=\toks26
\multlinegap=\skip64
\multlinetaggap=\skip65
\mathdisplay@stack=\toks27
LaTeX Info: Redefining \[ on input line 2817.
LaTeX Info: Redefining \] on input line 2818.
)
(/usr/share/texlive/texmf-dist/tex/latex/cancel/cancel.sty
Package: cancel 2013/04/12 v2.2 Cancel math terms
)
(/usr/share/texlive/texmf-dist/tex/latex/float/float.sty
Package: float 2001/11/08 v1.3d Float enhancements (AL)
\c@float@type=\count178
\float@exts=\toks28
\float@box=\box64
\@float@everytoks=\toks29
\@floatcapt=\box65
)
Class revtex4-1 Info: Unrecognized array package. Please update this document c
lass! (Proceeding with fingers crossed.) on input line 15.


Class revtex4-1 Warning: Repair the float package.

Class revtex4-1 Info: Patching unrecognized longtable package. (Proceeding with
 fingers crossed) on input line 15.
Class revtex4-1 Info: Robustifying \LaTeX's \boldmath command on input line 15.

Class revtex4-1 Info: cite was not loaded (OK!) on input line 15.
Class revtex4-1 Info: mcite was not loaded (OK!) on input line 15.
Class revtex4-1 Info: multicol was not loaded (OK!) on input line 15.
(./JaoGapOpacityUpdate.aux)
\openout1 = `JaoGapOpacityUpdate.aux'.

LaTeX Font Info:    Checking defaults for OML/cmm/m/it on input line 15.
LaTeX Font Info:    ... okay on input line 15.
LaTeX Font Info:    Checking defaults for T1/cmr/m/n on input line 15.
LaTeX Font Info:    ... okay on input line 15.
LaTeX Font Info:    Checking defaults for OT1/cmr/m/n on input line 15.
LaTeX Font Info:    ... okay on input line 15.
LaTeX Font Info:    Checking defaults for OMS/cmsy/m/n on input line 15.
LaTeX Font Info:    ... okay on input line 15.
LaTeX Font Info:    Checking defaults for OMX/cmex/m/n on input line 15.
LaTeX Font Info:    ... okay on input line 15.
LaTeX Font Info:    Checking defaults for U/cmr/m/n on input line 15.
LaTeX Font Info:    ... okay on input line 15.
LaTeX Font Info:    Checking defaults for PD1/pdf/m/n on input line 15.
LaTeX Font Info:    ... okay on input line 15.

(/usr/share/texlive/texmf-dist/tex/context/base/mkii/supp-pdf.mkii
[Loading MPS to PDF converter (version 2006.09.02).]
\scratchcounter=\count179
\scratchdimen=\dimen145
\scratchbox=\box66
\nofMPsegments=\count180
\nofMParguments=\count181
\everyMPshowfont=\toks30
\MPscratchCnt=\count182
\MPscratchDim=\dimen146
\MPnumerator=\count183
\makeMPintoPDFobject=\count184
\everyMPtoPDFconversion=\toks31
) (/usr/share/texlive/texmf-dist/tex/latex/oberdiek/epstopdf-base.sty
Package: epstopdf-base 2016/05/15 v2.6 Base part for package epstopdf

(/usr/share/texlive/texmf-dist/tex/latex/oberdiek/grfext.sty
Package: grfext 2016/05/16 v1.2 Manage graphics extensions (HO)
)
Package epstopdf-base Info: Redefining graphics rule for `.eps' on input line 4
38.
Package grfext Info: Graphics extension search list:
(grfext)             [.pdf,.png,.jpg,.mps,.jpeg,.jbig2,.jb2,.PDF,.PNG,.JPG,.JPE
G,.JBIG2,.JB2,.eps]
(grfext)             \AppendGraphicsExtensions on input line 456.

(/usr/share/texlive/texmf-dist/tex/latex/latexconfig/epstopdf-sys.cfg
File: epstopdf-sys.cfg 2010/07/13 v1.3 Configuration of (r)epstopdf for TeX Liv
e
))
\AtBeginShipoutBox=\box67
Package hyperref Info: Link coloring ON on input line 15.

(/usr/share/texlive/texmf-dist/tex/latex/hyperref/nameref.sty
Package: nameref 2016/05/21 v2.44 Cross-referencing by name of section

(/usr/share/texlive/texmf-dist/tex/generic/oberdiek/gettitlestring.sty
Package: gettitlestring 2016/05/16 v1.5 Cleanup title references (HO)
)
\c@section@level=\count185
)
LaTeX Info: Redefining \ref on input line 15.
LaTeX Info: Redefining \pageref on input line 15.
LaTeX Info: Redefining \nameref on input line 15.

(./JaoGapOpacityUpdate.out) (./JaoGapOpacityUpdate.out)
\@outlinefile=\write4
\openout4 = `JaoGapOpacityUpdate.out'.

Class revtex4-1 Info: Overriding lineo.sty, restoring output routine, on input 
line 15.
Class revtex4-1 Info: Reinvoke \linenumbers on input line 15.
Class revtex4-1 Info: Overriding \@LN@LLerror on input line 15.
LaTeX Font Info:    Try loading font information for U+lasy on input line 20.

(/usr/share/texlive/texmf-dist/tex/latex/base/ulasy.fd
File: ulasy.fd 1998/08/17 v2.2e LaTeX symbol font definitions
)
LaTeX Font Info:    Try loading font information for U+msa on input line 20.

(/usr/share/texlive/texmf-dist/tex/latex/amsfonts/umsa.fd
File: umsa.fd 2013/01/14 v3.01 AMS symbols A
)
LaTeX Font Info:    Try loading font information for U+msb on input line 20.

(/usr/share/texlive/texmf-dist/tex/latex/amsfonts/umsb.fd
File: umsb.fd 2013/01/14 v3.01 AMS symbols B
)
Underfull \hbox (badness 10000) in paragraph at lines 21--21
[][][]\OT1/cmr/m/n/8 thomas.m.boudreaux.gr@dartmouth.edu,
 []

(./src/sections/intro.tex [1{/var/lib/texmf/fonts/map/pdftex/updmap/pdftex.map}
]) (./src/sections/JaoGap.tex
<src/figures/NotebookFigs/JaoGapEDR3.png, id=123, 627.0627pt x 621.2811pt>
File: src/figures/NotebookFigs/JaoGapEDR3.png Graphic file (type png)
<use src/figures/NotebookFigs/JaoGapEDR3.png>
Package pdftex.def Info: src/figures/NotebookFigs/JaoGapEDR3.png  used on input
 line 16.
(pdftex.def)             Requested size: 230.90128pt x 228.77072pt.
<src/figures/NotebookFigs/Kippenhan.pdf, id=130, 1090.36191pt x 464.12189pt>
File: src/figures/NotebookFigs/Kippenhan.pdf Graphic file (type pdf)
<use src/figures/NotebookFigs/Kippenhan.pdf>
Package pdftex.def Info: src/figures/NotebookFigs/Kippenhan.pdf  used on input 
line 45.
(pdftex.def)             Requested size: 487.45999pt x 207.4932pt.
 [2pdfTeX warning (ext4): destination with the same identifier (name{figure.1})
 has been already used, duplicate ignored

\AtBegShi@Output ...ipout \box \AtBeginShipoutBox 
                                                  \fi \fi 
l.69 \end{align}
                 <./src/figures/NotebookFigs/JaoGapEDR3.png>]
Underfull \hbox (badness 1496) in paragraph at lines 71--78
[]\OT1/cmr/m/n/10 As metal-lic-ity de-creases so does opac-ity, which,
 []


Underfull \hbox (badness 1205) in paragraph at lines 71--78
\OT1/cmr/m/n/10 at which ra-di-a-tion will dom-i-nate en-ergy trans-port
 []

) (./src/sections/opacity.tex
Underfull \hbox (badness 3039) in paragraph at lines 30--36
[]\OT1/cmr/m/n/10 OPLIB ta-bles in-clude monochro-matic Rosse-land
 []

[3pdfTeX warning (ext4): destination with the same identifier (name{figure.2}) 
has been already used, duplicate ignored

\AtBegShi@Output ...ipout \box \AtBeginShipoutBox 
                                                  \fi \fi 
l.46 
      <./src/figures/NotebookFigs/Kippenhan.pdf>]
<src/figures/NotebookFigs/OpacityComparision.pdf, id=235, 677.25299pt x 651.096
98pt>
File: src/figures/NotebookFigs/OpacityComparision.pdf Graphic file (type pdf)
<use src/figures/NotebookFigs/OpacityComparision.pdf>
Package pdftex.def Info: src/figures/NotebookFigs/OpacityComparision.pdf  used 
on input line 49.
(pdftex.def)             Requested size: 230.90128pt x 221.97607pt.

Underfull \hbox (badness 5288) in paragraph at lines 60--64
\OT1/cmr/m/n/10 and most other stel-lar evo-lu-tion pro-grams give
 []


Overfull \hbox (10.88353pt too wide) in paragraph at lines 70--70
[][]| [] [][][]| 
 []


Overfull \hbox (10.88353pt too wide) in paragraph at lines 77--77
[][]| [] [][][]| 
 []

<src/figures/NotebookFigs/HRDiagramOPALvsOPLIB_SCCM.pdf, id=243, 660.73338pt x 
619.57295pt>
File: src/figures/NotebookFigs/HRDiagramOPALvsOPLIB_SCCM.pdf Graphic file (type
 pdf)
<use src/figures/NotebookFigs/HRDiagramOPALvsOPLIB_SCCM.pdf>
Package pdftex.def Info: src/figures/NotebookFigs/HRDiagramOPALvsOPLIB_SCCM.pdf
  used on input line 107.
(pdftex.def)             Requested size: 230.90128pt x 216.51344pt.
[4pdfTeX warning (ext4): destination with the same identifier (name{figure.3}) 
has been already used, duplicate ignored

\AtBegShi@Output ...ipout \box \AtBeginShipoutBox 
                                                  \fi \fi 
l.122 
      pdfTeX warning (ext4): destination with the same identifier (name{figure.
4}) has been already used, duplicate ignored

\AtBegShi@Output ...ipout \box \AtBeginShipoutBox 
                                                  \fi \fi 
l.122 
       <./src/figures/NotebookFigs/OpacityComparision.pdf> <./src/figures/Noteb
ookFigs/HRDiagramOPALvsOPLIB_SCCM.pdf

pdfTeX warning: pdflatex (file ./src/figures/NotebookFigs/HRDiagramOPALvsOPLIB_
SCCM.pdf): PDF inclusion: multiple pdfs with page group included in a single pa
ge
>]) (./src/sections/Modeling.tex
<src/figures/NotebookFigs/OPALPunchIn.pdf, id=296, 668.9019pt x 611.02657pt>
File: src/figures/NotebookFigs/OPALPunchIn.pdf Graphic file (type pdf)
<use src/figures/NotebookFigs/OPALPunchIn.pdf>
Package pdftex.def Info: src/figures/NotebookFigs/OPALPunchIn.pdf  used on inpu
t line 22.
(pdftex.def)             Requested size: 230.90128pt x 210.9256pt.
<src/figures/NotebookFigs/OPLIBPunchIn.pdf, id=297, 658.30984pt x 611.02657pt>
File: src/figures/NotebookFigs/OPLIBPunchIn.pdf Graphic file (type pdf)
<use src/figures/NotebookFigs/OPLIBPunchIn.pdf>
Package pdftex.def Info: src/figures/NotebookFigs/OPLIBPunchIn.pdf  used on inp
ut line 23.
(pdftex.def)             Requested size: 230.90128pt x 214.31935pt.
<src/figures/NotebookFigs/pdist.pdf, id=304, 722.7pt x 722.7pt>
File: src/figures/NotebookFigs/pdist.pdf Graphic file (type pdf)
<use src/figures/NotebookFigs/pdist.pdf>
Package pdftex.def Info: src/figures/NotebookFigs/pdist.pdf  used on input line
 56.
(pdftex.def)             Requested size: 230.90128pt x 230.89378pt.
 [5pdfTeX warning (ext4): destination with the same identifier (name{table.1}) 
has been already used, duplicate ignored

\AtBegShi@Output ...ipout \box \AtBeginShipoutBox 
                                                  \fi \fi 
l.70 	\item C
             onvert synthetic star $g$, $T_{eff}$, and $Log(L)$ to Gaia G, BP,p
dfTeX warning (ext4): destination with the same identifier (name{figure.5}) has
 been already used, duplicate ignored

\AtBegShi@Output ...ipout \box \AtBeginShipoutBox 
                                                  \fi \fi 
l.70 	\item C
             onvert synthetic star $g$, $T_{eff}$, and $Log(L)$ to Gaia G, BP, 
<./src/figures/NotebookFigs/OPALPunchIn.pdf> <./src/figures/NotebookFigs/OPLIBP
unchIn.pdf

pdfTeX warning: pdflatex (file ./src/figures/NotebookFigs/OPLIBPunchIn.pdf): PD
F inclusion: multiple pdfs with page group included in a single page
>]

LaTeX Warning: A float is stuck (cannot be placed) on input line 70.


LaTeX Warning: A float is stuck (cannot be placed) on input line 70.


Class revtex4-1 Warning: Deferred float stuck during \clearpage processing.

<src/figures/NotebookFigs/OPALOPLIB_popsynth_compare.pdf, id=363, 1251.48045pt 
x 476.70503pt>
File: src/figures/NotebookFigs/OPALOPLIB_popsynth_compare.pdf Graphic file (typ
e pdf)
<use src/figures/NotebookFigs/OPALOPLIB_popsynth_compare.pdf>
Package pdftex.def Info: src/figures/NotebookFigs/OPALOPLIB_popsynth_compare.pd
f  used on input line 100.
(pdftex.def)             Requested size: 436.15294pt x 166.13641pt.
) (./src/sections/Results.tex [6pdfTeX warning (ext4): destination with the sam
e identifier (name{figure.6}) has been already used, duplicate ignored

\AtBegShi@Output ...ipout \box \AtBeginShipoutBox 
                                                  \fi \fi 
l.50 
     pdfTeX warning (ext4): destination with the same identifier (name{table.2}
) has been already used, duplicate ignored

\AtBegShi@Output ...ipout \box \AtBeginShipoutBox 
                                                  \fi \fi 
l.50 
      <./src/figures/NotebookFigs/pdist.pdf>]
<src/figures/NotebookFigs/OPAL_Jao_locator.pdf, id=398, 681.01828pt x 657.52058
pt>
File: src/figures/NotebookFigs/OPAL_Jao_locator.pdf Graphic file (type pdf)
<use src/figures/NotebookFigs/OPAL_Jao_locator.pdf>
Package pdftex.def Info: src/figures/NotebookFigs/OPAL_Jao_locator.pdf  used on
 input line 53.
(pdftex.def)             Requested size: 230.90128pt x 222.93199pt.
<src/figures/NotebookFigs/OPLIB_Jao_locator.pdf, id=399, 681.01828pt x 657.5205
8pt>
File: src/figures/NotebookFigs/OPLIB_Jao_locator.pdf Graphic file (type pdf)
<use src/figures/NotebookFigs/OPLIB_Jao_locator.pdf>
Package pdftex.def Info: src/figures/NotebookFigs/OPLIB_Jao_locator.pdf  used o
n input line 54.
(pdftex.def)             Requested size: 230.90128pt x 222.93199pt.
<src/figures/NotebookFigs/SameMassConvectiveZoneComp.pdf, id=400, 650.56808pt x
 618.57545pt>
File: src/figures/NotebookFigs/SameMassConvectiveZoneComp.pdf Graphic file (typ
e pdf)
<use src/figures/NotebookFigs/SameMassConvectiveZoneComp.pdf>
Package pdftex.def Info: src/figures/NotebookFigs/SameMassConvectiveZoneComp.pd
f  used on input line 77.
(pdftex.def)             Requested size: 230.90128pt x 219.5439pt.

Underfull \hbox (badness 8113) in paragraph at lines 85--98
[]\OT1/cmr/m/n/10 Earlier mix-ing events in OPLIB mod-els are
 []

<src/figures/NotebookFigs/Core3HECompSameMass.pdf, id=407, 662.95078pt x 624.75
449pt>
File: src/figures/NotebookFigs/Core3HECompSameMass.pdf Graphic file (type pdf)
<use src/figures/NotebookFigs/Core3HECompSameMass.pdf>
Package pdftex.def Info: src/figures/NotebookFigs/Core3HECompSameMass.pdf  used
 on input line 114.
(pdftex.def)             Requested size: 230.90128pt x 217.59966pt.
) (./src/sections/Conclusion.tex) [7pdfTeX warning (ext4): destination with the
 same identifier (name{figure.7}) has been already used, duplicate ignored

\AtBegShi@Output ...ipout \box \AtBeginShipoutBox 
                                                  \fi \fi 
l.65 
      <./src/figures/NotebookFigs/OPALOPLIB_popsynth_compare.pdf>]

LaTeX Warning: A float is stuck (cannot be placed) on input line 65.


LaTeX Warning: A float is stuck (cannot be placed) on input line 65.


Class revtex4-1 Warning: Deferred float stuck during \clearpage processing.

[8pdfTeX warning (ext4): destination with the same identifier (name{figure.8}) 
has been already used, duplicate ignored

\AtBegShi@Output ...ipout \box \AtBeginShipoutBox 
                                                  \fi \fi 
l.68 \appendix
              pdfTeX warning (ext4): destination with the same identifier (name
{figure.9}) has been already used, duplicate ignored

\AtBegShi@Output ...ipout \box \AtBeginShipoutBox 
                                                  \fi \fi 
l.68 \appendix
              pdfTeX warning (ext4): destination with the same identifier (name
{figure.10}) has been already used, duplicate ignored

\AtBegShi@Output ...ipout \box \AtBeginShipoutBox 
                                                  \fi \fi 
l.68 \appendix
               <./src/figures/NotebookFigs/OPAL_Jao_locator.pdf> <./src/figures
/NotebookFigs/OPLIB_Jao_locator.pdf

pdfTeX warning: pdflatex (file ./src/figures/NotebookFigs/OPLIB_Jao_locator.pdf
): PDF inclusion: multiple pdfs with page group included in a single page
> <./src/figures/NotebookFigs/SameMassConvectiveZoneComp.pdf

pdfTeX warning: pdflatex (file ./src/figures/NotebookFigs/SameMassConvectiveZon
eComp.pdf): PDF inclusion: multiple pdfs with page group included in a single p
age
> <./src/figures/NotebookFigs/Core3HECompSameMass.pdf

pdfTeX warning: pdflatex (file ./src/figures/NotebookFigs/Core3HECompSameMass.p
df): PDF inclusion: multiple pdfs with page group included in a single page
>] (./src/appendicies/pytopsscrape.tex) (./src/appendicies/interp.tex

Package hyperref Warning: Token not allowed in a PDF string (PDFDocEncoding):
(hyperref)                removing `math shift' on input line 1.


Package hyperref Warning: Token not allowed in a PDF string (PDFDocEncoding):
(hyperref)                removing `\rho' on input line 1.


Package hyperref Warning: Token not allowed in a PDF string (PDFDocEncoding):
(hyperref)                removing `\rightarrow' on input line 1.


Package hyperref Warning: Token not allowed in a PDF string (PDFDocEncoding):
(hyperref)                removing `math shift' on input line 1.

<src/figures/FractionalDifference.pdf, id=504, 533.75356pt x 457.65639pt>
File: src/figures/FractionalDifference.pdf Graphic file (type pdf)
<use src/figures/FractionalDifference.pdf>
Package pdftex.def Info: src/figures/FractionalDifference.pdf  used on input li
ne 46.
(pdftex.def)             Requested size: 230.90128pt x 197.97557pt.
) (./JaoGapOpacityUpdate.bbl [9] [10pdfTeX warning (ext4): destination with the
 same identifier (name{figure.11}) has been already used, duplicate ignored

\AtBegShi@Output ...ipout \box \AtBeginShipoutBox 
                                                  \fi \fi 
l.135 ...field} \& {Kroupa}(2021)}]{Mansfield2021}
                                                   <./src/figures/FractionalDif
ference.pdf>]) [11]
Package atveryend Info: Empty hook `AfterLastShipout' on input line 98.
 (./JaoGapOpacityUpdate.aux)
Package atveryend Info: Executing hook `AtVeryEndDocument' on input line 98.
Package atveryend Info: Executing hook `AtEndAfterFileList' on input line 98.
Package rerunfilecheck Info: File `JaoGapOpacityUpdate.out' has not changed.
(rerunfilecheck)             Checksum: 1EE54216C2857D859723BBEBB9D38ADA;677.
 ) 
Here is how much of TeX's memory you used:
 9893 strings out of 492641
 138031 string characters out of 6131787
 292750 words of memory out of 5000000
 13524 multiletter control sequences out of 15000+600000
 15162 words of font info for 60 fonts, out of 8000000 for 9000
 1141 hyphenation exceptions out of 8191
 35i,9n,37p,1242b,526s stack positions out of 5000i,500n,10000p,200000b,80000s
</usr/share/texlive/texmf-dist/fonts/type1/public/amsfonts/cm/cmbx10.pfb></us
r/share/texlive/texmf-dist/fonts/type1/public/amsfonts/cm/cmbx8.pfb></usr/share
/texlive/texmf-dist/fonts/type1/public/amsfonts/cm/cmbx9.pfb></usr/share/texliv
e/texmf-dist/fonts/type1/public/amsfonts/cm/cmcsc10.pfb></usr/share/texlive/tex
mf-dist/fonts/type1/public/amsfonts/cm/cmex10.pfb></usr/share/texlive/texmf-dis
t/fonts/type1/public/amsfonts/cm/cmmi10.pfb></usr/share/texlive/texmf-dist/font
s/type1/public/amsfonts/cm/cmmi12.pfb></usr/share/texlive/texmf-dist/fonts/type
1/public/amsfonts/cm/cmmi5.pfb></usr/share/texlive/texmf-dist/fonts/type1/publi
c/amsfonts/cm/cmmi6.pfb></usr/share/texlive/texmf-dist/fonts/type1/public/amsfo
nts/cm/cmmi7.pfb></usr/share/texlive/texmf-dist/fonts/type1/public/amsfonts/cm/
cmmi9.pfb></usr/share/texlive/texmf-dist/fonts/type1/public/amsfonts/cm/cmr10.p
fb></usr/share/texlive/texmf-dist/fonts/type1/public/amsfonts/cm/cmr12.pfb></us
r/share/texlive/texmf-dist/fonts/type1/public/amsfonts/cm/cmr17.pfb></usr/share
/texlive/texmf-dist/fonts/type1/public/amsfonts/cm/cmr5.pfb></usr/share/texlive
/texmf-dist/fonts/type1/public/amsfonts/cm/cmr6.pfb></usr/share/texlive/texmf-d
ist/fonts/type1/public/amsfonts/cm/cmr7.pfb></usr/share/texlive/texmf-dist/font
s/type1/public/amsfonts/cm/cmr8.pfb></usr/share/texlive/texmf-dist/fonts/type1/
public/amsfonts/cm/cmr9.pfb></usr/share/texlive/texmf-dist/fonts/type1/public/a
msfonts/cm/cmss8.pfb></usr/share/texlive/texmf-dist/fonts/type1/public/amsfonts
/cm/cmsy10.pfb></usr/share/texlive/texmf-dist/fonts/type1/public/amsfonts/cm/cm
sy6.pfb></usr/share/texlive/texmf-dist/fonts/type1/public/amsfonts/cm/cmsy7.pfb
></usr/share/texlive/texmf-dist/fonts/type1/public/amsfonts/cm/cmsy9.pfb></usr/
share/texlive/texmf-dist/fonts/type1/public/amsfonts/cm/cmti10.pfb></usr/share/
texlive/texmf-dist/fonts/type1/public/amsfonts/cm/cmti12.pfb></usr/share/texliv
e/texmf-dist/fonts/type1/public/amsfonts/cm/cmti8.pfb></usr/share/texlive/texmf
-dist/fonts/type1/public/amsfonts/cm/cmtt10.pfb>
Output written on JaoGapOpacityUpdate.pdf (11 pages, 4363256 bytes).
PDF statistics:
 675 PDF objects out of 1000 (max. 8388607)
 593 compressed objects within 6 object streams
 91 named destinations out of 1000 (max. 500000)
 162 words of extra memory for PDF output out of 10000 (max. 10000000)

